<?xml version="1.0" encoding="UTF-8"?>
<!-- Generated by org.testng.reporters.JUnitReportReporter -->
<testsuite hostname="Blind" failures="0" tests="3" name="com.tmorangeAutomation.tmselenium.test.UserTest" time="23.607" errors="0" timestamp="2021-09-22T22:35:35 COT" skipped="0">
  <testcase classname="com.tmorangeAutomation.tmselenium.test.UserTest" name="deleteUser" time="8.260"/>
  <system-out/>
  <testcase classname="com.tmorangeAutomation.tmselenium.test.UserTest" name="findUser" time="7.849"/>
  <system-out/>
  <testcase classname="com.tmorangeAutomation.tmselenium.test.UserTest" name="updateUser" time="7.498"/>
  <system-out/>
</testsuite> <!-- com.tmorangeAutomation.tmselenium.test.UserTest -->
