<?xml version="1.0" encoding="UTF-8"?>
<!-- Generated by org.testng.reporters.JUnitReportReporter -->
<testsuite hostname="Blind" failures="0" tests="9" name="TMOrangeAutomation.TMSelenium.test.LoginTest" time="39.057" errors="0" timestamp="2021-09-22T07:56:08 COT" skipped="0">
  <testcase classname="TMOrangeAutomation.TMSelenium.test.LoginTest" name="successLogin" time="5.392"/>
  <system-out/>
  <testcase classname="TMOrangeAutomation.TMSelenium.test.LoginTest" name="emptyUserNameEmptyPass" time="4.203"/>
  <system-out/>
  <testcase classname="TMOrangeAutomation.TMSelenium.test.LoginTest" name="emptyUserNameWrongPass" time="3.846"/>
  <system-out/>
  <testcase classname="TMOrangeAutomation.TMSelenium.test.LoginTest" name="emptyUserNameRightPass" time="4.382"/>
  <system-out/>
  <testcase classname="TMOrangeAutomation.TMSelenium.test.LoginTest" name="rightUserNameWrongPass" time="4.806"/>
  <system-out/>
  <testcase classname="TMOrangeAutomation.TMSelenium.test.LoginTest" name="wrongUserNameRightPass" time="4.240"/>
  <system-out/>
  <testcase classname="TMOrangeAutomation.TMSelenium.test.LoginTest" name="wrongUserNameWrongPass" time="4.363"/>
  <system-out/>
  <testcase classname="TMOrangeAutomation.TMSelenium.test.LoginTest" name="rightUserNameEmptyPass" time="3.913"/>
  <system-out/>
  <testcase classname="TMOrangeAutomation.TMSelenium.test.LoginTest" name="wrongUserNameEmptyPass" time="3.912"/>
  <system-out/>
</testsuite> <!-- TMOrangeAutomation.TMSelenium.test.LoginTest -->
